INFO:__main__:Found combined HHE-200-filled.pdf, assessing individual pages...
WARNING:__main__:Example PDF for page 1 not found
INFO:__main__:Page 1 score: 0/100
WARNING:__main__:Example PDF for page 2 not found
INFO:__main__:Page 2 score: 0/100
WARNING:__main__:Example PDF for page 3 not found
INFO:__main__:Page 3 score: 0/100
WARNING:__main__:Example PDF for page 4 not found
INFO:__main__:Page 4 score: 0/100
{
  "timestamp": 1781469136.0078647,
  "assessment": {
    "pages": {
      "page_1": {
        "score": 0,
        "gaps": [
          "Missing example PDF"
        ]
      },
      "page_2": {
        "score": 0,
        "gaps": [
          "Missing example PDF"
        ]
      },
      "page_3": {
        "score": 0,
        "gaps": [
          "Missing example PDF"
        ]
      },
      "page_4": {
        "score": 0,
        "gaps": [
          "Missing example PDF"
        ]
      }
    },
    "overall_score": 0,
    "gaps": [],
    "recommendations": []
  },
  "recommendation": "\u274c FAILS QUALITY STANDARD - Major issues, full revision needed"
}
